iMPACT Version: 14.7

iMPACT log file Started on Mon Jan 12 13:00:53 2015

Welcome to iMPACT
iMPACT Version: 14.7
Project: C:\radio\radio-p\\auto_project.ipf created.
// *** BATCH CMD : setMode -bs
GUI --- Auto connect to cable...
// *** BATCH CMD : setCable -port auto
INFO:iMPACT - Digilent Plugin: Plugin Version: 2.4.4
INFO:iMPACT - Digilent Plugin: found 1 device(s).
INFO:iMPACT - Digilent Plugin: opening device: "Zybo", SN:210279573981
INFO:iMPACT - Digilent Plugin: User Name: Zybo
INFO:iMPACT - Digilent Plugin: Product Name: Digilent Zybo
INFO:iMPACT - Digilent Plugin: Serial Number: 210279573981
INFO:iMPACT - Digilent Plugin: Product ID: 01500157
INFO:iMPACT - Digilent Plugin: Firmware Version: 0109
INFO:iMPACT - Digilent Plugin: JTAG Port Number: 0
INFO:iMPACT - Digilent Plugin: JTAG Clock Frequency: 10000000 Hz
Attempting to identify devices in the boundary-scan chain configuration...
INFO:iMPACT - Current time: 12/01/2015 13:00:56
// *** BATCH CMD : Identify -inferir 
PROGRESS_START - Starting Operation.
Identifying chain contents...'0': : Manufacturer's ID = Xilinx xc7z010, Version : 1
INFO:iMPACT:1777 - 
   Reading C:/Xilinx/14.7/ISE_DS/ISE/zynq/data/xc7z010.bsd...
INFO:iMPACT - Using CseAdapterBSDevice
INFO:iMPACT:501 - '1': Added Device xc7z010 successfully.
----------------------------------------------------------------------
'1': : Manufacturer's ID = Xilinx zynq7000_arm_dap, Version : 4
INFO:iMPACT:501 - '1': Added Device UNKNOWN successfully.
----------------------------------------------------------------------
INFO:iMPACT:1777 - 
   Reading C:/Xilinx/14.7/ISE_DS/ISE/zynq/data/zynq7000_arm_dap.bsd...
----------------------------------------------------------------------
done.
PROGRESS_END - End Operation.
Elapsed time =      1 sec.
// *** BATCH CMD : identifyMPM 
// *** BATCH CMD : assignFile -p 2 -file "C:/radio/radio-p/fm_xmit.bit"
'2': Loading file 'C:/radio/radio-p/fm_xmit.bit' ...
done.
INFO:iMPACT - Using CseAdapterBSDevice
INFO:iMPACT:2257 - Startup Clock has been changed to 'JtagClk' in the bitstream   stored in memory,
   but the original bitstream file remains unchanged.
UserID read from the bitstream file = 0xFFFFFFFF.
----------------------------------------------------------------------
INFO:iMPACT:501 - '2': Added Device xc7z010 successfully.
----------------------------------------------------------------------
INFO:iMPACT - Current time: 12/01/2015 13:01:07
// *** BATCH CMD : Program -p 2 
PROGRESS_START - Starting Operation.
Maximum TCK operating frequency for this device chain: 20000000.
Validating chain...
Boundary-scan chain validated successfully.
2: Device Temperature: Current Reading:   46.44 C, Min. Reading:   45.95 C, Max.Reading:   49.39 C
2: VCCINT Supply: Current Reading:   0.987 V, Min. Reading:   0.984 V, Max.Reading:   0.990 V
2: VCCAUX Supply: Current Reading:   1.799 V, Min. Reading:   1.796 V, Max.Reading:   1.799 V
INFO:iMPACT - Creating XC7Z010 device.
PROGRESS_START - Starting Operation.
'2': Programming device...
 Match_cycle = NoWait.
Match cycle: NoWait
 LCK_cycle = NoWait.
LCK cycle: NoWait
done.
INFO:Cse - Status register values:
INFO:Cse - 0011 1111 1111 1110 0000 1000 0110 0010 
INFO:Cse - '2': Completed downloading bit file to device.
INFO:Cse - '2': Programming completed successfully.
 Match_cycle = NoWait.
Match cycle: NoWait
 LCK_cycle = NoWait.
LCK cycle: NoWait
PROGRESS_END - End Operation.
INFO:iMPACT - '2': Checking done pin....done.
'2': Programmed successfully.
Elapsed time =      2 sec.
